<?xml version="1.0" encoding="UTF-8"?>
<testsuite xmlns:xsi="http://www.w3.org/2001/XMLSchema-instance" xsi:noNamespaceSchemaLocation="https://maven.apache.org/surefire/maven-surefire-plugin/xsd/surefire-test-report-3.0.xsd" version="3.0" name="com.example.FaturaTest.FaturaTest" time="0.085" tests="5" errors="0" skipped="0" failures="0">
  <properties>
    <property name="sun.desktop" value="windows"/>
    <property name="awt.toolkit" value="sun.awt.windows.WToolkit"/>
    <property name="java.specification.version" value="11"/>
    <property name="sun.cpu.isalist" value="amd64"/>
    <property name="sun.jnu.encoding" value="Cp1252"/>
    <property name="java.class.path" value="C:\Users\emanu\Documents\ufcg\2024.1\verificação-e-validação-de-software\tdd-vev\gerador-de-nota-fiscal\target\test-classes;C:\Users\emanu\Documents\ufcg\2024.1\verificação-e-validação-de-software\tdd-vev\gerador-de-nota-fiscal\target\classes;C:\Users\emanu\.m2\repository\junit\junit\4.13.2\junit-4.13.2.jar;C:\Users\emanu\.m2\repository\org\hamcrest\hamcrest-core\1.3\hamcrest-core-1.3.jar;"/>
    <property name="java.vm.vendor" value="Eclipse Adoptium"/>
    <property name="sun.arch.data.model" value="64"/>
    <property name="user.variant" value=""/>
    <property name="java.vendor.url" value="https://adoptium.net/"/>
    <property name="user.timezone" value="America/Fortaleza"/>
    <property name="java.vm.specification.version" value="11"/>
    <property name="os.name" value="Windows 11"/>
    <property name="sun.java.launcher" value="SUN_STANDARD"/>
    <property name="user.country" value="BR"/>
    <property name="sun.boot.library.path" value="C:\Program Files\Eclipse Adoptium\jdk-11.0.22.7-hotspot\bin"/>
    <property name="sun.java.command" value="C:\Users\emanu\AppData\Local\Temp\surefire6401948090077385494\surefirebooter-20240304140055091_3.jar C:\Users\emanu\AppData\Local\Temp\surefire6401948090077385494 2024-03-04T14-00-54_742-jvmRun1 surefire-20240304140055091_1tmp surefire_0-20240304140055091_2tmp"/>
    <property name="jdk.debug" value="release"/>
    <property name="surefire.test.class.path" value="C:\Users\emanu\Documents\ufcg\2024.1\verificação-e-validação-de-software\tdd-vev\gerador-de-nota-fiscal\target\test-classes;C:\Users\emanu\Documents\ufcg\2024.1\verificação-e-validação-de-software\tdd-vev\gerador-de-nota-fiscal\target\classes;C:\Users\emanu\.m2\repository\junit\junit\4.13.2\junit-4.13.2.jar;C:\Users\emanu\.m2\repository\org\hamcrest\hamcrest-core\1.3\hamcrest-core-1.3.jar;"/>
    <property name="sun.cpu.endian" value="little"/>
    <property name="user.home" value="C:\Users\emanu"/>
    <property name="user.language" value="pt"/>
    <property name="java.specification.vendor" value="Oracle Corporation"/>
    <property name="java.version.date" value="2024-01-16"/>
    <property name="java.home" value="C:\Program Files\Eclipse Adoptium\jdk-11.0.22.7-hotspot"/>
    <property name="file.separator" value="\"/>
    <property name="basedir" value="C:\Users\emanu\Documents\ufcg\2024.1\verificação-e-validação-de-software\tdd-vev\gerador-de-nota-fiscal"/>
    <property name="java.vm.compressedOopsMode" value="32-bit"/>
    <property name="line.separator" value="&#10;"/>
    <property name="java.specification.name" value="Java Platform API Specification"/>
    <property name="java.vm.specification.vendor" value="Oracle Corporation"/>
    <property name="java.awt.graphicsenv" value="sun.awt.Win32GraphicsEnvironment"/>
    <property name="surefire.real.class.path" value="C:\Users\emanu\AppData\Local\Temp\surefire6401948090077385494\surefirebooter-20240304140055091_3.jar"/>
    <property name="user.script" value=""/>
    <property name="sun.management.compiler" value="HotSpot 64-Bit Tiered Compilers"/>
    <property name="java.runtime.version" value="11.0.22+7"/>
    <property name="user.name" value="emanu"/>
    <property name="path.separator" value=";"/>
    <property name="os.version" value="10.0"/>
    <property name="java.runtime.name" value="OpenJDK Runtime Environment"/>
    <property name="file.encoding" value="Cp1252"/>
    <property name="java.vm.name" value="OpenJDK 64-Bit Server VM"/>
    <property name="java.vendor.version" value="Temurin-11.0.22+7"/>
    <property name="localRepository" value="C:\Users\emanu\.m2\repository"/>
    <property name="java.vendor.url.bug" value="https://github.com/adoptium/adoptium-support/issues"/>
    <property name="java.io.tmpdir" value="C:\Users\emanu\AppData\Local\Temp\"/>
    <property name="java.version" value="11.0.22"/>
    <property name="user.dir" value="C:\Users\emanu\Documents\ufcg\2024.1\verificação-e-validação-de-software\tdd-vev\gerador-de-nota-fiscal"/>
    <property name="os.arch" value="amd64"/>
    <property name="java.vm.specification.name" value="Java Virtual Machine Specification"/>
    <property name="java.awt.printerjob" value="sun.awt.windows.WPrinterJob"/>
    <property name="sun.os.patch.level" value=""/>
    <property name="java.library.path" value="C:\Program Files\Eclipse Adoptium\jdk-11.0.22.7-hotspot\bin;C:\Windows\Sun\Java\bin;C:\Windows\system32;C:\Windows;C:\Users\emanu\OneDrive\Documentos\GitHub\smart-datahub;C:\Program Files\Eclipse Adoptium\jdk-11.0.22.7-hotspot\bin;C:\Windows\system32;C:\Windows;C:\Windows\System32\Wbem;C:\Windows\System32\WindowsPowerShell\v1.0\;C:\Windows\System32\OpenSSH\;C:\Program Files\Git\cmd;C:\ProgramData\chocolatey\bin;C:\Program Files\dotnet\;C:\Program Files\Docker\Docker\resources\bin;C:\Users\emanu\AppData\Local\Programs\Python\Python312\Scripts\;C:\Users\emanu\AppData\Local\Programs\Python\Python312\;C:\Users\emanu\AppData\Local\Microsoft\WindowsApps;C:\Users\emanu\AppData\Local\Programs\Microsoft VS Code\bin;C:\ProgramData\emanu\GitHubDesktop\bin;C:\Users\emanu\AppData\Local\GitHubDesktop\bin;C:\Users\emanu\AppData\Roaming\npm;C:\Users\emanu\OneDrive\Documentos\GitHub\smart-datahub;C:\Program Files\Git LFS;C:\Program Files\apache-maven-3.9.6\bin;C:\Program Files\gradle\bin;C:\Program Files\PuTTY\;C:\Program Files\Eclipse Adoptium\jdk-11.0.22.7-hotspot\bin;C:\Windows\system32;C:\Windows;C:\Windows\System32\Wbem;C:\Windows\System32\WindowsPowerShell\v1.0\;C:\Windows\System32\OpenSSH\;C:\Program Files\Git\cmd;C:\ProgramData\chocolatey\bin;C:\Program Files\dotnet\;C:\Program Files\Docker\Docker\resources\bin;C:\Users\emanu\AppData\Local\Programs\Python\Python312\Scripts\;C:\Users\emanu\AppData\Local\Programs\Python\Python312\;C:\Users\emanu\AppData\Local\Microsoft\WindowsApps;C:\Users\emanu\AppData\Local\Programs\Microsoft VS Code\bin;C:\ProgramData\emanu\GitHubDesktop\bin;C:\Users\emanu\AppData\Local\GitHubDesktop\bin;C:\Users\emanu\AppData\Roaming\npm;;C:\Users\emanu\OneDrive\Documentos\GitHub\smart-datahub;C:\Users\emanu\OneDrive\Documentos\GitHub\smart-datahub;."/>
    <property name="java.vm.info" value="mixed mode"/>
    <property name="java.vendor" value="Eclipse Adoptium"/>
    <property name="java.vm.version" value="11.0.22+7"/>
    <property name="java.specification.maintenance.version" value="2"/>
    <property name="sun.io.unicode.encoding" value="UnicodeLittle"/>
    <property name="java.class.version" value="55.0"/>
  </properties>
  <testcase name="testGetValor" classname="com.example.FaturaTest.FaturaTest" time="0.0"/>
  <testcase name="testGetTipoServico" classname="com.example.FaturaTest.FaturaTest" time="0.0"/>
  <testcase name="testGetNomeCliente" classname="com.example.FaturaTest.FaturaTest" time="0.0"/>
  <testcase name="instanciarFatura" classname="com.example.FaturaTest.FaturaTest" time="0.0"/>
  <testcase name="testServicoNaoEsperadoAoCriarClasse" classname="com.example.FaturaTest.FaturaTest" time="0.0"/>
</testsuite>